2023-12-25T13:52:47.957+05:30  INFO 9112 --- [restartedMain] com.techlabs.insurance.Application11     : Starting Application11 using Java 17.0.7 with PID 9112 (C:\Users\Admin\Downloads\11-Insurance-app\target\classes started by Admin in C:\Users\Admin\Downloads\11-Insurance-app)
2023-12-25T13:52:47.974+05:30  INFO 9112 --- [restartedMain] com.techlabs.insurance.Application11     : No active profile set, falling back to 1 default profile: "default"
2023-12-25T13:52:48.154+05:30  INFO 9112 --- [restartedMain] .e.DevToolsPropertyDefaultsPostProcessor : Devtools property defaults active! Set 'spring.devtools.add-properties' to 'false' to disable
2023-12-25T13:52:48.155+05:30  INFO 9112 --- [restartedMain] .e.DevToolsPropertyDefaultsPostProcessor : For additional web related logging consider setting the 'logging.level.web' property to 'DEBUG'
2023-12-25T13:52:50.797+05:30  INFO 9112 --- [restartedMain] .s.d.r.c.RepositoryConfigurationDelegate : Bootstrapping Spring Data JPA repositories in DEFAULT mode.
2023-12-25T13:52:50.989+05:30  INFO 9112 --- [restartedMain] .s.d.r.c.RepositoryConfigurationDelegate : Finished Spring Data repository scanning in 176 ms. Found 15 JPA repository interfaces.
2023-12-25T13:52:52.554+05:30  INFO 9112 --- [restartedMain] o.s.b.w.embedded.tomcat.TomcatWebServer  : Tomcat initialized with port(s): 8080 (http)
2023-12-25T13:52:52.577+05:30  INFO 9112 --- [restartedMain] o.apache.catalina.core.StandardService   : Starting service [Tomcat]
2023-12-25T13:52:52.579+05:30  INFO 9112 --- [restartedMain] o.apache.catalina.core.StandardEngine    : Starting Servlet engine: [Apache Tomcat/10.1.11]
2023-12-25T13:52:52.728+05:30  INFO 9112 --- [restartedMain] o.a.c.c.C.[Tomcat].[localhost].[/]       : Initializing Spring embedded WebApplicationContext
2023-12-25T13:52:52.728+05:30  INFO 9112 --- [restartedMain] w.s.c.ServletWebServerApplicationContext : Root WebApplicationContext: initialization completed in 4570 ms
2023-12-25T13:52:53.045+05:30  INFO 9112 --- [restartedMain] o.hibernate.jpa.internal.util.LogHelper  : HHH000204: Processing PersistenceUnitInfo [name: default]
2023-12-25T13:52:53.197+05:30  INFO 9112 --- [restartedMain] org.hibernate.Version                    : HHH000412: Hibernate ORM core version 6.2.6.Final
2023-12-25T13:52:53.204+05:30  INFO 9112 --- [restartedMain] org.hibernate.cfg.Environment            : HHH000406: Using bytecode reflection optimizer
2023-12-25T13:52:53.464+05:30 DEBUG 9112 --- [restartedMain] org.hibernate.type.BasicTypeRegistry     : Adding type registration boolean -> org.hibernate.type.BasicTypeReference@41fc331e
2023-12-25T13:52:53.465+05:30 DEBUG 9112 --- [restartedMain] org.hibernate.type.BasicTypeRegistry     : Adding type registration boolean -> org.hibernate.type.BasicTypeReference@41fc331e
2023-12-25T13:52:53.466+05:30 DEBUG 9112 --- [restartedMain] org.hibernate.type.BasicTypeRegistry     : Adding type registration java.lang.Boolean -> org.hibernate.type.BasicTypeReference@41fc331e
2023-12-25T13:52:53.466+05:30 DEBUG 9112 --- [restartedMain] org.hibernate.type.BasicTypeRegistry     : Adding type registration numeric_boolean -> org.hibernate.type.BasicTypeReference@c70829d
2023-12-25T13:52:53.466+05:30 DEBUG 9112 --- [restartedMain] org.hibernate.type.BasicTypeRegistry     : Adding type registration org.hibernate.type.NumericBooleanConverter -> org.hibernate.type.BasicTypeReference@c70829d
2023-12-25T13:52:53.466+05:30 DEBUG 9112 --- [restartedMain] org.hibernate.type.BasicTypeRegistry     : Adding type registration true_false -> org.hibernate.type.BasicTypeReference@454c189f
2023-12-25T13:52:53.467+05:30 DEBUG 9112 --- [restartedMain] org.hibernate.type.BasicTypeRegistry     : Adding type registration org.hibernate.type.TrueFalseConverter -> org.hibernate.type.BasicTypeReference@454c189f
2023-12-25T13:52:53.467+05:30 DEBUG 9112 --- [restartedMain] org.hibernate.type.BasicTypeRegistry     : Adding type registration yes_no -> org.hibernate.type.BasicTypeReference@813a321
2023-12-25T13:52:53.467+05:30 DEBUG 9112 --- [restartedMain] org.hibernate.type.BasicTypeRegistry     : Adding type registration org.hibernate.type.YesNoConverter -> org.hibernate.type.BasicTypeReference@813a321
2023-12-25T13:52:53.467+05:30 DEBUG 9112 --- [restartedMain] org.hibernate.type.BasicTypeRegistry     : Adding type registration byte -> org.hibernate.type.BasicTypeReference@285705fe
2023-12-25T13:52:53.468+05:30 DEBUG 9112 --- [restartedMain] org.hibernate.type.BasicTypeRegistry     : Adding type registration byte -> org.hibernate.type.BasicTypeReference@285705fe
2023-12-25T13:52:53.468+05:30 DEBUG 9112 --- [restartedMain] org.hibernate.type.BasicTypeRegistry     : Adding type registration java.lang.Byte -> org.hibernate.type.BasicTypeReference@285705fe
2023-12-25T13:52:53.469+05:30 DEBUG 9112 --- [restartedMain] org.hibernate.type.BasicTypeRegistry     : Adding type registration binary -> org.hibernate.type.BasicTypeReference@203b0e03
2023-12-25T13:52:53.469+05:30 DEBUG 9112 --- [restartedMain] org.hibernate.type.BasicTypeRegistry     : Adding type registration byte[] -> org.hibernate.type.BasicTypeReference@203b0e03
2023-12-25T13:52:53.469+05:30 DEBUG 9112 --- [restartedMain] org.hibernate.type.BasicTypeRegistry     : Adding type registration [B -> org.hibernate.type.BasicTypeReference@203b0e03
2023-12-25T13:52:53.469+05:30 DEBUG 9112 --- [restartedMain] org.hibernate.type.BasicTypeRegistry     : Adding type registration binary_wrapper -> org.hibernate.type.BasicTypeReference@e15c49
2023-12-25T13:52:53.470+05:30 DEBUG 9112 --- [restartedMain] org.hibernate.type.BasicTypeRegistry     : Adding type registration wrapper-binary -> org.hibernate.type.BasicTypeReference@e15c49
2023-12-25T13:52:53.470+05:30 DEBUG 9112 --- [restartedMain] org.hibernate.type.BasicTypeRegistry     : Adding type registration image -> org.hibernate.type.BasicTypeReference@78520140
2023-12-25T13:52:53.470+05:30 DEBUG 9112 --- [restartedMain] org.hibernate.type.BasicTypeRegistry     : Adding type registration blob -> org.hibernate.type.BasicTypeReference@4e61218b
2023-12-25T13:52:53.470+05:30 DEBUG 9112 --- [restartedMain] org.hibernate.type.BasicTypeRegistry     : Adding type registration java.sql.Blob -> org.hibernate.type.BasicTypeReference@4e61218b
2023-12-25T13:52:53.470+05:30 DEBUG 9112 --- [restartedMain] org.hibernate.type.BasicTypeRegistry     : Adding type registration materialized_blob -> org.hibernate.type.BasicTypeReference@10ace0df
2023-12-25T13:52:53.471+05:30 DEBUG 9112 --- [restartedMain] org.hibernate.type.BasicTypeRegistry     : Adding type registration materialized_blob_wrapper -> org.hibernate.type.BasicTypeReference@1aa5e597
2023-12-25T13:52:53.471+05:30 DEBUG 9112 --- [restartedMain] org.hibernate.type.BasicTypeRegistry     : Adding type registration short -> org.hibernate.type.BasicTypeReference@7295af82
2023-12-25T13:52:53.471+05:30 DEBUG 9112 --- [restartedMain] org.hibernate.type.BasicTypeRegistry     : Adding type registration short -> org.hibernate.type.BasicTypeReference@7295af82
2023-12-25T13:52:53.471+05:30 DEBUG 9112 --- [restartedMain] org.hibernate.type.BasicTypeRegistry     : Adding type registration java.lang.Short -> org.hibernate.type.BasicTypeReference@7295af82
2023-12-25T13:52:53.471+05:30 DEBUG 9112 --- [restartedMain] org.hibernate.type.BasicTypeRegistry     : Adding type registration integer -> org.hibernate.type.BasicTypeReference@35bfa522
2023-12-25T13:52:53.472+05:30 DEBUG 9112 --- [restartedMain] org.hibernate.type.BasicTypeRegistry     : Adding type registration int -> org.hibernate.type.BasicTypeReference@35bfa522
2023-12-25T13:52:53.472+05:30 DEBUG 9112 --- [restartedMain] org.hibernate.type.BasicTypeRegistry     : Adding type registration java.lang.Integer -> org.hibernate.type.BasicTypeReference@35bfa522
2023-12-25T13:52:53.472+05:30 DEBUG 9112 --- [restartedMain] org.hibernate.type.BasicTypeRegistry     : Adding type registration long -> org.hibernate.type.BasicTypeReference@42e20152
2023-12-25T13:52:53.472+05:30 DEBUG 9112 --- [restartedMain] org.hibernate.type.BasicTypeRegistry     : Adding type registration long -> org.hibernate.type.BasicTypeReference@42e20152
2023-12-25T13:52:53.472+05:30 DEBUG 9112 --- [restartedMain] org.hibernate.type.BasicTypeRegistry     : Adding type registration java.lang.Long -> org.hibernate.type.BasicTypeReference@42e20152
2023-12-25T13:52:53.473+05:30 DEBUG 9112 --- [restartedMain] org.hibernate.type.BasicTypeRegistry     : Adding type registration float -> org.hibernate.type.BasicTypeReference@77deddc4
2023-12-25T13:52:53.473+05:30 DEBUG 9112 --- [restartedMain] org.hibernate.type.BasicTypeRegistry     : Adding type registration float -> org.hibernate.type.BasicTypeReference@77deddc4
2023-12-25T13:52:53.473+05:30 DEBUG 9112 --- [restartedMain] org.hibernate.type.BasicTypeRegistry     : Adding type registration java.lang.Float -> org.hibernate.type.BasicTypeReference@77deddc4
2023-12-25T13:52:53.473+05:30 DEBUG 9112 --- [restartedMain] org.hibernate.type.BasicTypeRegistry     : Adding type registration double -> org.hibernate.type.BasicTypeReference@28689502
2023-12-25T13:52:53.473+05:30 DEBUG 9112 --- [restartedMain] org.hibernate.type.BasicTypeRegistry     : Adding type registration double -> org.hibernate.type.BasicTypeReference@28689502
2023-12-25T13:52:53.473+05:30 DEBUG 9112 --- [restartedMain] org.hibernate.type.BasicTypeRegistry     : Adding type registration java.lang.Double -> org.hibernate.type.BasicTypeReference@28689502
2023-12-25T13:52:53.474+05:30 DEBUG 9112 --- [restartedMain] org.hibernate.type.BasicTypeRegistry     : Adding type registration big_integer -> org.hibernate.type.BasicTypeReference@60b6a398
2023-12-25T13:52:53.474+05:30 DEBUG 9112 --- [restartedMain] org.hibernate.type.BasicTypeRegistry     : Adding type registration java.math.BigInteger -> org.hibernate.type.BasicTypeReference@60b6a398
2023-12-25T13:52:53.474+05:30 DEBUG 9112 --- [restartedMain] org.hibernate.type.BasicTypeRegistry     : Adding type registration big_decimal -> org.hibernate.type.BasicTypeReference@320cc64d
2023-12-25T13:52:53.475+05:30 DEBUG 9112 --- [restartedMain] org.hibernate.type.BasicTypeRegistry     : Adding type registration java.math.BigDecimal -> org.hibernate.type.BasicTypeReference@320cc64d
2023-12-25T13:52:53.476+05:30 DEBUG 9112 --- [restartedMain] org.hibernate.type.BasicTypeRegistry     : Adding type registration character -> org.hibernate.type.BasicTypeReference@333d1d35
2023-12-25T13:52:53.485+05:30 DEBUG 9112 --- [restartedMain] org.hibernate.type.BasicTypeRegistry     : Adding type registration char -> org.hibernate.type.BasicTypeReference@333d1d35
2023-12-25T13:52:53.486+05:30 DEBUG 9112 --- [restartedMain] org.hibernate.type.BasicTypeRegistry     : Adding type registration java.lang.Character -> org.hibernate.type.BasicTypeReference@333d1d35
2023-12-25T13:52:53.488+05:30 DEBUG 9112 --- [restartedMain] org.hibernate.type.BasicTypeRegistry     : Adding type registration character_nchar -> org.hibernate.type.BasicTypeReference@5f114ed5
2023-12-25T13:52:53.488+05:30 DEBUG 9112 --- [restartedMain] org.hibernate.type.BasicTypeRegistry     : Adding type registration string -> org.hibernate.type.BasicTypeReference@aee8ccc
2023-12-25T13:52:53.489+05:30 DEBUG 9112 --- [restartedMain] org.hibernate.type.BasicTypeRegistry     : Adding type registration java.lang.String -> org.hibernate.type.BasicTypeReference@aee8ccc
2023-12-25T13:52:53.490+05:30 DEBUG 9112 --- [restartedMain] org.hibernate.type.BasicTypeRegistry     : Adding type registration nstring -> org.hibernate.type.BasicTypeReference@5e041d72
2023-12-25T13:52:53.493+05:30 DEBUG 9112 --- [restartedMain] org.hibernate.type.BasicTypeRegistry     : Adding type registration characters -> org.hibernate.type.BasicTypeReference@58b6732
2023-12-25T13:52:53.496+05:30 DEBUG 9112 --- [restartedMain] org.hibernate.type.BasicTypeRegistry     : Adding type registration char[] -> org.hibernate.type.BasicTypeReference@58b6732
2023-12-25T13:52:53.497+05:30 DEBUG 9112 --- [restartedMain] org.hibernate.type.BasicTypeRegistry     : Adding type registration [C -> org.hibernate.type.BasicTypeReference@58b6732
2023-12-25T13:52:53.498+05:30 DEBUG 9112 --- [restartedMain] org.hibernate.type.BasicTypeRegistry     : Adding type registration wrapper-characters -> org.hibernate.type.BasicTypeReference@5039f6b0
2023-12-25T13:52:53.498+05:30 DEBUG 9112 --- [restartedMain] org.hibernate.type.BasicTypeRegistry     : Adding type registration text -> org.hibernate.type.BasicTypeReference@2ecf9897
2023-12-25T13:52:53.499+05:30 DEBUG 9112 --- [restartedMain] org.hibernate.type.BasicTypeRegistry     : Adding type registration ntext -> org.hibernate.type.BasicTypeReference@50deffb1
2023-12-25T13:52:53.499+05:30 DEBUG 9112 --- [restartedMain] org.hibernate.type.BasicTypeRegistry     : Adding type registration clob -> org.hibernate.type.BasicTypeReference@eb2a06f
2023-12-25T13:52:53.500+05:30 DEBUG 9112 --- [restartedMain] org.hibernate.type.BasicTypeRegistry     : Adding type registration java.sql.Clob -> org.hibernate.type.BasicTypeReference@eb2a06f
2023-12-25T13:52:53.500+05:30 DEBUG 9112 --- [restartedMain] org.hibernate.type.BasicTypeRegistry     : Adding type registration nclob -> org.hibernate.type.BasicTypeReference@11a15b7f
2023-12-25T13:52:53.501+05:30 DEBUG 9112 --- [restartedMain] org.hibernate.type.BasicTypeRegistry     : Adding type registration java.sql.NClob -> org.hibernate.type.BasicTypeReference@11a15b7f
2023-12-25T13:52:53.502+05:30 DEBUG 9112 --- [restartedMain] org.hibernate.type.BasicTypeRegistry     : Adding type registration materialized_clob -> org.hibernate.type.BasicTypeReference@43f862fc
2023-12-25T13:52:53.502+05:30 DEBUG 9112 --- [restartedMain] org.hibernate.type.BasicTypeRegistry     : Adding type registration materialized_clob_char_array -> org.hibernate.type.BasicTypeReference@64fc2e45
2023-12-25T13:52:53.504+05:30 DEBUG 9112 --- [restartedMain] org.hibernate.type.BasicTypeRegistry     : Adding type registration materialized_clob_character_array -> org.hibernate.type.BasicTypeReference@7fd65b6d
2023-12-25T13:52:53.505+05:30 DEBUG 9112 --- [restartedMain] org.hibernate.type.BasicTypeRegistry     : Adding type registration materialized_nclob -> org.hibernate.type.BasicTypeReference@64378d4b
2023-12-25T13:52:53.505+05:30 DEBUG 9112 --- [restartedMain] org.hibernate.type.BasicTypeRegistry     : Adding type registration materialized_nclob_character_array -> org.hibernate.type.BasicTypeReference@64d8fcb3
2023-12-25T13:52:53.506+05:30 DEBUG 9112 --- [restartedMain] org.hibernate.type.BasicTypeRegistry     : Adding type registration materialized_nclob_char_array -> org.hibernate.type.BasicTypeReference@6153686b
2023-12-25T13:52:53.507+05:30 DEBUG 9112 --- [restartedMain] org.hibernate.type.BasicTypeRegistry     : Adding type registration Duration -> org.hibernate.type.BasicTypeReference@2c934a1f
2023-12-25T13:52:53.507+05:30 DEBUG 9112 --- [restartedMain] org.hibernate.type.BasicTypeRegistry     : Adding type registration java.time.Duration -> org.hibernate.type.BasicTypeReference@2c934a1f
2023-12-25T13:52:53.508+05:30 DEBUG 9112 --- [restartedMain] org.hibernate.type.BasicTypeRegistry     : Adding type registration LocalDateTime -> org.hibernate.type.BasicTypeReference@7496c713
2023-12-25T13:52:53.508+05:30 DEBUG 9112 --- [restartedMain] org.hibernate.type.BasicTypeRegistry     : Adding type registration java.time.LocalDateTime -> org.hibernate.type.BasicTypeReference@7496c713
2023-12-25T13:52:53.509+05:30 DEBUG 9112 --- [restartedMain] org.hibernate.type.BasicTypeRegistry     : Adding type registration LocalDate -> org.hibernate.type.BasicTypeReference@57889056
2023-12-25T13:52:53.509+05:30 DEBUG 9112 --- [restartedMain] org.hibernate.type.BasicTypeRegistry     : Adding type registration java.time.LocalDate -> org.hibernate.type.BasicTypeReference@57889056
2023-12-25T13:52:53.510+05:30 DEBUG 9112 --- [restartedMain] org.hibernate.type.BasicTypeRegistry     : Adding type registration LocalTime -> org.hibernate.type.BasicTypeReference@2de2bafc
2023-12-25T13:52:53.511+05:30 DEBUG 9112 --- [restartedMain] org.hibernate.type.BasicTypeRegistry     : Adding type registration java.time.LocalTime -> org.hibernate.type.BasicTypeReference@2de2bafc
2023-12-25T13:52:53.513+05:30 DEBUG 9112 --- [restartedMain] org.hibernate.type.BasicTypeRegistry     : Adding type registration OffsetDateTime -> org.hibernate.type.BasicTypeReference@1b97ceed
2023-12-25T13:52:53.515+05:30 DEBUG 9112 --- [restartedMain] org.hibernate.type.BasicTypeRegistry     : Adding type registration java.time.OffsetDateTime -> org.hibernate.type.BasicTypeReference@1b97ceed
2023-12-25T13:52:53.516+05:30 DEBUG 9112 --- [restartedMain] org.hibernate.type.BasicTypeRegistry     : Adding type registration OffsetDateTimeWithTimezone -> org.hibernate.type.BasicTypeReference@59fb2cd3
2023-12-25T13:52:53.517+05:30 DEBUG 9112 --- [restartedMain] org.hibernate.type.BasicTypeRegistry     : Adding type registration OffsetDateTimeWithoutTimezone -> org.hibernate.type.BasicTypeReference@4ae20d9a
2023-12-25T13:52:53.518+05:30 DEBUG 9112 --- [restartedMain] org.hibernate.type.BasicTypeRegistry     : Adding type registration OffsetTime -> org.hibernate.type.BasicTypeReference@72ef6b60
2023-12-25T13:52:53.518+05:30 DEBUG 9112 --- [restartedMain] org.hibernate.type.BasicTypeRegistry     : Adding type registration java.time.OffsetTime -> org.hibernate.type.BasicTypeReference@72ef6b60
2023-12-25T13:52:53.518+05:30 DEBUG 9112 --- [restartedMain] org.hibernate.type.BasicTypeRegistry     : Adding type registration OffsetTimeUtc -> org.hibernate.type.BasicTypeReference@572a2376
2023-12-25T13:52:53.518+05:30 DEBUG 9112 --- [restartedMain] org.hibernate.type.BasicTypeRegistry     : Adding type registration OffsetTimeWithTimezone -> org.hibernate.type.BasicTypeReference@573700f4
2023-12-25T13:52:53.518+05:30 DEBUG 9112 --- [restartedMain] org.hibernate.type.BasicTypeRegistry     : Adding type registration OffsetTimeWithoutTimezone -> org.hibernate.type.BasicTypeReference@de34955
2023-12-25T13:52:53.518+05:30 DEBUG 9112 --- [restartedMain] org.hibernate.type.BasicTypeRegistry     : Adding type registration ZonedDateTime -> org.hibernate.type.BasicTypeReference@45e87e2
2023-12-25T13:52:53.519+05:30 DEBUG 9112 --- [restartedMain] org.hibernate.type.BasicTypeRegistry     : Adding type registration java.time.ZonedDateTime -> org.hibernate.type.BasicTypeReference@45e87e2
2023-12-25T13:52:53.519+05:30 DEBUG 9112 --- [restartedMain] org.hibernate.type.BasicTypeRegistry     : Adding type registration ZonedDateTimeWithTimezone -> org.hibernate.type.BasicTypeReference@269358c
2023-12-25T13:52:53.519+05:30 DEBUG 9112 --- [restartedMain] org.hibernate.type.BasicTypeRegistry     : Adding type registration ZonedDateTimeWithoutTimezone -> org.hibernate.type.BasicTypeReference@6d36b595
2023-12-25T13:52:53.519+05:30 DEBUG 9112 --- [restartedMain] org.hibernate.type.BasicTypeRegistry     : Adding type registration date -> org.hibernate.type.BasicTypeReference@7a08e087
2023-12-25T13:52:53.519+05:30 DEBUG 9112 --- [restartedMain] org.hibernate.type.BasicTypeRegistry     : Adding type registration java.sql.Date -> org.hibernate.type.BasicTypeReference@7a08e087
2023-12-25T13:52:53.519+05:30 DEBUG 9112 --- [restartedMain] org.hibernate.type.BasicTypeRegistry     : Adding type registration time -> org.hibernate.type.BasicTypeReference@a1919b3
2023-12-25T13:52:53.519+05:30 DEBUG 9112 --- [restartedMain] org.hibernate.type.BasicTypeRegistry     : Adding type registration java.sql.Time -> org.hibernate.type.BasicTypeReference@a1919b3
2023-12-25T13:52:53.520+05:30 DEBUG 9112 --- [restartedMain] org.hibernate.type.BasicTypeRegistry     : Adding type registration timestamp -> org.hibernate.type.BasicTypeReference@41178829
2023-12-25T13:52:53.520+05:30 DEBUG 9112 --- [restartedMain] org.hibernate.type.BasicTypeRegistry     : Adding type registration java.sql.Timestamp -> org.hibernate.type.BasicTypeReference@41178829
2023-12-25T13:52:53.520+05:30 DEBUG 9112 --- [restartedMain] org.hibernate.type.BasicTypeRegistry     : Adding type registration java.util.Date -> org.hibernate.type.BasicTypeReference@41178829
2023-12-25T13:52:53.521+05:30 DEBUG 9112 --- [restartedMain] org.hibernate.type.BasicTypeRegistry     : Adding type registration calendar -> org.hibernate.type.BasicTypeReference@19d51783
2023-12-25T13:52:53.521+05:30 DEBUG 9112 --- [restartedMain] org.hibernate.type.BasicTypeRegistry     : Adding type registration java.util.Calendar -> org.hibernate.type.BasicTypeReference@19d51783
2023-12-25T13:52:53.521+05:30 DEBUG 9112 --- [restartedMain] org.hibernate.type.BasicTypeRegistry     : Adding type registration java.util.GregorianCalendar -> org.hibernate.type.BasicTypeReference@19d51783
2023-12-25T13:52:53.521+05:30 DEBUG 9112 --- [restartedMain] org.hibernate.type.BasicTypeRegistry     : Adding type registration calendar_date -> org.hibernate.type.BasicTypeReference@24e4d0e6
2023-12-25T13:52:53.521+05:30 DEBUG 9112 --- [restartedMain] org.hibernate.type.BasicTypeRegistry     : Adding type registration calendar_time -> org.hibernate.type.BasicTypeReference@66f29148
2023-12-25T13:52:53.522+05:30 DEBUG 9112 --- [restartedMain] org.hibernate.type.BasicTypeRegistry     : Adding type registration instant -> org.hibernate.type.BasicTypeReference@1bd90b7f
2023-12-25T13:52:53.522+05:30 DEBUG 9112 --- [restartedMain] org.hibernate.type.BasicTypeRegistry     : Adding type registration java.time.Instant -> org.hibernate.type.BasicTypeReference@1bd90b7f
2023-12-25T13:52:53.522+05:30 DEBUG 9112 --- [restartedMain] org.hibernate.type.BasicTypeRegistry     : Adding type registration uuid -> org.hibernate.type.BasicTypeReference@2a816e88
2023-12-25T13:52:53.522+05:30 DEBUG 9112 --- [restartedMain] org.hibernate.type.BasicTypeRegistry     : Adding type registration java.util.UUID -> org.hibernate.type.BasicTypeReference@2a816e88
2023-12-25T13:52:53.523+05:30 DEBUG 9112 --- [restartedMain] org.hibernate.type.BasicTypeRegistry     : Adding type registration pg-uuid -> org.hibernate.type.BasicTypeReference@2a816e88
2023-12-25T13:52:53.523+05:30 DEBUG 9112 --- [restartedMain] org.hibernate.type.BasicTypeRegistry     : Adding type registration uuid-binary -> org.hibernate.type.BasicTypeReference@2860e8de
2023-12-25T13:52:53.523+05:30 DEBUG 9112 --- [restartedMain] org.hibernate.type.BasicTypeRegistry     : Adding type registration uuid-char -> org.hibernate.type.BasicTypeReference@5aea544b
2023-12-25T13:52:53.523+05:30 DEBUG 9112 --- [restartedMain] org.hibernate.type.BasicTypeRegistry     : Adding type registration class -> org.hibernate.type.BasicTypeReference@9bb2e9a
2023-12-25T13:52:53.523+05:30 DEBUG 9112 --- [restartedMain] org.hibernate.type.BasicTypeRegistry     : Adding type registration java.lang.Class -> org.hibernate.type.BasicTypeReference@9bb2e9a
2023-12-25T13:52:53.523+05:30 DEBUG 9112 --- [restartedMain] org.hibernate.type.BasicTypeRegistry     : Adding type registration currency -> org.hibernate.type.BasicTypeReference@286fe40b
2023-12-25T13:52:53.524+05:30 DEBUG 9112 --- [restartedMain] org.hibernate.type.BasicTypeRegistry     : Adding type registration Currency -> org.hibernate.type.BasicTypeReference@286fe40b
2023-12-25T13:52:53.524+05:30 DEBUG 9112 --- [restartedMain] org.hibernate.type.BasicTypeRegistry     : Adding type registration java.util.Currency -> org.hibernate.type.BasicTypeReference@286fe40b
2023-12-25T13:52:53.524+05:30 DEBUG 9112 --- [restartedMain] org.hibernate.type.BasicTypeRegistry     : Adding type registration locale -> org.hibernate.type.BasicTypeReference@7e6cfc0
2023-12-25T13:52:53.524+05:30 DEBUG 9112 --- [restartedMain] org.hibernate.type.BasicTypeRegistry     : Adding type registration java.util.Locale -> org.hibernate.type.BasicTypeReference@7e6cfc0
2023-12-25T13:52:53.525+05:30 DEBUG 9112 --- [restartedMain] org.hibernate.type.BasicTypeRegistry     : Adding type registration serializable -> org.hibernate.type.BasicTypeReference@fa68b7b
2023-12-25T13:52:53.525+05:30 DEBUG 9112 --- [restartedMain] org.hibernate.type.BasicTypeRegistry     : Adding type registration java.io.Serializable -> org.hibernate.type.BasicTypeReference@fa68b7b
2023-12-25T13:52:53.525+05:30 DEBUG 9112 --- [restartedMain] org.hibernate.type.BasicTypeRegistry     : Adding type registration timezone -> org.hibernate.type.BasicTypeReference@5f39bbeb
2023-12-25T13:52:53.527+05:30 DEBUG 9112 --- [restartedMain] org.hibernate.type.BasicTypeRegistry     : Adding type registration java.util.TimeZone -> org.hibernate.type.BasicTypeReference@5f39bbeb
2023-12-25T13:52:53.528+05:30 DEBUG 9112 --- [restartedMain] org.hibernate.type.BasicTypeRegistry     : Adding type registration ZoneOffset -> org.hibernate.type.BasicTypeReference@8a143bb
2023-12-25T13:52:53.529+05:30 DEBUG 9112 --- [restartedMain] org.hibernate.type.BasicTypeRegistry     : Adding type registration java.time.ZoneOffset -> org.hibernate.type.BasicTypeReference@8a143bb
2023-12-25T13:52:53.530+05:30 DEBUG 9112 --- [restartedMain] org.hibernate.type.BasicTypeRegistry     : Adding type registration url -> org.hibernate.type.BasicTypeReference@390805a0
2023-12-25T13:52:53.530+05:30 DEBUG 9112 --- [restartedMain] org.hibernate.type.BasicTypeRegistry     : Adding type registration java.net.URL -> org.hibernate.type.BasicTypeReference@390805a0
2023-12-25T13:52:53.530+05:30 DEBUG 9112 --- [restartedMain] org.hibernate.type.BasicTypeRegistry     : Adding type registration row_version -> org.hibernate.type.BasicTypeReference@2cebca9
2023-12-25T13:52:53.548+05:30 DEBUG 9112 --- [restartedMain] org.hibernate.type.BasicTypeRegistry     : Adding type registration object -> org.hibernate.type.JavaObjectType@65543a69
2023-12-25T13:52:53.549+05:30 DEBUG 9112 --- [restartedMain] org.hibernate.type.BasicTypeRegistry     : Adding type registration java.lang.Object -> org.hibernate.type.JavaObjectType@65543a69
2023-12-25T13:52:53.554+05:30 DEBUG 9112 --- [restartedMain] org.hibernate.type.BasicTypeRegistry     : Adding type registration null -> org.hibernate.type.NullType@2a40ebb9
2023-12-25T13:52:53.556+05:30 DEBUG 9112 --- [restartedMain] org.hibernate.type.BasicTypeRegistry     : Adding type registration imm_date -> org.hibernate.type.BasicTypeReference@65396358
2023-12-25T13:52:53.556+05:30 DEBUG 9112 --- [restartedMain] org.hibernate.type.BasicTypeRegistry     : Adding type registration imm_time -> org.hibernate.type.BasicTypeReference@69169e86
2023-12-25T13:52:53.556+05:30 DEBUG 9112 --- [restartedMain] org.hibernate.type.BasicTypeRegistry     : Adding type registration imm_timestamp -> org.hibernate.type.BasicTypeReference@74838931
2023-12-25T13:52:53.556+05:30 DEBUG 9112 --- [restartedMain] org.hibernate.type.BasicTypeRegistry     : Adding type registration imm_calendar -> org.hibernate.type.BasicTypeReference@5933a93b
2023-12-25T13:52:53.558+05:30 DEBUG 9112 --- [restartedMain] org.hibernate.type.BasicTypeRegistry     : Adding type registration imm_calendar_date -> org.hibernate.type.BasicTypeReference@773e22e6
2023-12-25T13:52:53.558+05:30 DEBUG 9112 --- [restartedMain] org.hibernate.type.BasicTypeRegistry     : Adding type registration imm_calendar_time -> org.hibernate.type.BasicTypeReference@2a016029
2023-12-25T13:52:53.558+05:30 DEBUG 9112 --- [restartedMain] org.hibernate.type.BasicTypeRegistry     : Adding type registration imm_binary -> org.hibernate.type.BasicTypeReference@4223be59
2023-12-25T13:52:53.559+05:30 DEBUG 9112 --- [restartedMain] org.hibernate.type.BasicTypeRegistry     : Adding type registration imm_serializable -> org.hibernate.type.BasicTypeReference@69dbd57
2023-12-25T13:52:53.632+05:30  INFO 9112 --- [restartedMain] o.h.b.i.BytecodeProviderInitiator        : HHH000021: Bytecode provider name : bytebuddy
2023-12-25T13:52:53.959+05:30  INFO 9112 --- [restartedMain] o.s.o.j.p.SpringPersistenceUnitInfo      : No LoadTimeWeaver setup: ignoring JPA class transformer
2023-12-25T13:52:54.009+05:30  INFO 9112 --- [restartedMain] com.zaxxer.hikari.HikariDataSource       : HikariPool-1 - Starting...
2023-12-25T13:52:54.612+05:30  INFO 9112 --- [restartedMain] com.zaxxer.hikari.pool.HikariPool        : HikariPool-1 - Added connection com.mysql.cj.jdbc.ConnectionImpl@3f4a6f45
2023-12-25T13:52:54.616+05:30  INFO 9112 --- [restartedMain] com.zaxxer.hikari.HikariDataSource       : HikariPool-1 - Start completed.
2023-12-25T13:52:54.860+05:30 DEBUG 9112 --- [restartedMain] o.h.t.d.sql.spi.DdlTypeRegistry          : addDescriptor(12, org.hibernate.type.descriptor.sql.internal.CapacityDependentDdlType@17f4a93a) replaced previous registration(org.hibernate.type.descriptor.sql.internal.CapacityDependentDdlType@134a1056)
2023-12-25T13:52:54.860+05:30 DEBUG 9112 --- [restartedMain] o.h.t.d.sql.spi.DdlTypeRegistry          : addDescriptor(-9, org.hibernate.type.descriptor.sql.internal.CapacityDependentDdlType@1e7d47c0) replaced previous registration(org.hibernate.type.descriptor.sql.internal.CapacityDependentDdlType@24a59453)
2023-12-25T13:52:54.861+05:30 DEBUG 9112 --- [restartedMain] o.h.t.d.sql.spi.DdlTypeRegistry          : addDescriptor(-3, org.hibernate.type.descriptor.sql.internal.CapacityDependentDdlType@162a4484) replaced previous registration(org.hibernate.type.descriptor.sql.internal.CapacityDependentDdlType@55a13eb7)
2023-12-25T13:52:54.861+05:30 DEBUG 9112 --- [restartedMain] o.h.t.d.sql.spi.DdlTypeRegistry          : addDescriptor(4003, org.hibernate.type.descriptor.sql.internal.DdlTypeImpl@21962084) replaced previous registration(org.hibernate.type.descriptor.sql.internal.DdlTypeImpl@29193fe9)
2023-12-25T13:52:54.861+05:30 DEBUG 9112 --- [restartedMain] o.h.t.d.sql.spi.DdlTypeRegistry          : addDescriptor(4001, org.hibernate.type.descriptor.sql.internal.DdlTypeImpl@6dd3502a) replaced previous registration(org.hibernate.type.descriptor.sql.internal.DdlTypeImpl@315b9fa1)
2023-12-25T13:52:54.861+05:30 DEBUG 9112 --- [restartedMain] o.h.t.d.sql.spi.DdlTypeRegistry          : addDescriptor(4002, org.hibernate.type.descriptor.sql.internal.DdlTypeImpl@21d90b0e) replaced previous registration(org.hibernate.type.descriptor.sql.internal.DdlTypeImpl@41df9eab)
2023-12-25T13:52:54.861+05:30 DEBUG 9112 --- [restartedMain] o.h.t.d.sql.spi.DdlTypeRegistry          : addDescriptor(2004, org.hibernate.type.descriptor.sql.internal.CapacityDependentDdlType@36fad4ba) replaced previous registration(org.hibernate.type.descriptor.sql.internal.DdlTypeImpl@5bb1f353)
2023-12-25T13:52:54.862+05:30 DEBUG 9112 --- [restartedMain] o.h.t.d.sql.spi.DdlTypeRegistry          : addDescriptor(2005, org.hibernate.type.descriptor.sql.internal.CapacityDependentDdlType@32d90250) replaced previous registration(org.hibernate.type.descriptor.sql.internal.DdlTypeImpl@fcef866)
2023-12-25T13:52:54.862+05:30 DEBUG 9112 --- [restartedMain] o.h.t.d.sql.spi.DdlTypeRegistry          : addDescriptor(2011, org.hibernate.type.descriptor.sql.internal.CapacityDependentDdlType@6ff1b221) replaced previous registration(org.hibernate.type.descriptor.sql.internal.DdlTypeImpl@3b0eefe7)
2023-12-25T13:52:54.865+05:30 DEBUG 9112 --- [restartedMain] o.h.t.d.jdbc.spi.JdbcTypeRegistry        : addDescriptor(NCharTypeDescriptor) replaced previous registration(CharTypeDescriptor)
2023-12-25T13:52:54.866+05:30 DEBUG 9112 --- [restartedMain] o.h.t.d.jdbc.spi.JdbcTypeRegistry        : addDescriptor(NVarcharTypeDescriptor) replaced previous registration(VarcharTypeDescriptor)
2023-12-25T13:52:54.866+05:30 DEBUG 9112 --- [restartedMain] o.h.t.d.jdbc.spi.JdbcTypeRegistry        : addDescriptor(LongNVarcharTypeDescriptor) replaced previous registration(LongVarcharTypeDescriptor)
2023-12-25T13:52:54.872+05:30 DEBUG 9112 --- [restartedMain] o.h.t.d.jdbc.spi.JdbcTypeRegistry        : addDescriptor(NClobTypeDescriptor(DEFAULT)) replaced previous registration(ClobTypeDescriptor(DEFAULT))
2023-12-25T13:52:54.872+05:30 DEBUG 9112 --- [restartedMain] o.h.t.d.jdbc.spi.JdbcTypeRegistry        : addDescriptor(2005, ClobTypeDescriptor(STREAM_BINDING)) replaced previous registration(ClobTypeDescriptor(DEFAULT))
2023-12-25T13:52:54.882+05:30 DEBUG 9112 --- [restartedMain] org.hibernate.type.BasicTypeRegistry     : Adding type registration null -> org.hibernate.type.NullType@37607501
2023-12-25T13:52:54.882+05:30 DEBUG 9112 --- [restartedMain] org.hibernate.type.BasicTypeRegistry     : Type registration key [null] overrode previous entry : `org.hibernate.type.NullType@2a40ebb9`
2023-12-25T13:52:54.913+05:30 DEBUG 9112 --- [restartedMain] org.hibernate.type.BasicTypeRegistry     : Adding type registration org.hibernate.type.OffsetDateTimeType -> basicType@1(java.time.OffsetDateTime,3003)
2023-12-25T13:52:54.913+05:30 DEBUG 9112 --- [restartedMain] org.hibernate.type.BasicTypeRegistry     : Adding type registration OffsetDateTime -> basicType@1(java.time.OffsetDateTime,3003)
2023-12-25T13:52:54.914+05:30 DEBUG 9112 --- [restartedMain] org.hibernate.type.BasicTypeRegistry     : Adding type registration java.time.OffsetDateTime -> basicType@1(java.time.OffsetDateTime,3003)
2023-12-25T13:52:54.915+05:30 DEBUG 9112 --- [restartedMain] org.hibernate.type.BasicTypeRegistry     : Adding type registration org.hibernate.type.ZonedDateTimeType -> basicType@2(java.time.ZonedDateTime,3003)
2023-12-25T13:52:54.915+05:30 DEBUG 9112 --- [restartedMain] org.hibernate.type.BasicTypeRegistry     : Adding type registration ZonedDateTime -> basicType@2(java.time.ZonedDateTime,3003)
2023-12-25T13:52:54.917+05:30 DEBUG 9112 --- [restartedMain] org.hibernate.type.BasicTypeRegistry     : Adding type registration java.time.ZonedDateTime -> basicType@2(java.time.ZonedDateTime,3003)
2023-12-25T13:52:54.922+05:30 DEBUG 9112 --- [restartedMain] org.hibernate.type.BasicTypeRegistry     : Adding type registration org.hibernate.type.OffsetTimeType -> basicType@3(java.time.OffsetTime,3007)
2023-12-25T13:52:54.925+05:30 DEBUG 9112 --- [restartedMain] org.hibernate.type.BasicTypeRegistry     : Adding type registration OffsetTime -> basicType@3(java.time.OffsetTime,3007)
2023-12-25T13:52:54.925+05:30 DEBUG 9112 --- [restartedMain] org.hibernate.type.BasicTypeRegistry     : Adding type registration java.time.OffsetTime -> basicType@3(java.time.OffsetTime,3007)
2023-12-25T13:52:54.954+05:30 DEBUG 9112 --- [restartedMain] o.h.type.spi.TypeConfiguration$Scope     : Scoping TypeConfiguration [org.hibernate.type.spi.TypeConfiguration@6ef67b17] to MetadataBuildingContext [org.hibernate.boot.internal.MetadataBuildingContextRootImpl@6f64f153]
2023-12-25T13:52:55.486+05:30  INFO 9112 --- [restartedMain] o.h.b.i.BytecodeProviderInitiator        : HHH000021: Bytecode provider name : bytebuddy
2023-12-25T13:52:56.788+05:30  INFO 9112 --- [restartedMain] o.h.e.t.j.p.i.JtaPlatformInitiator       : HHH000490: Using JtaPlatform implementation: [org.hibernate.engine.transaction.jta.platform.internal.NoJtaPlatform]
2023-12-25T13:52:56.789+05:30 DEBUG 9112 --- [restartedMain] o.h.type.spi.TypeConfiguration$Scope     : Scoping TypeConfiguration [org.hibernate.type.spi.TypeConfiguration@6ef67b17] to SessionFactoryImplementor [org.hibernate.internal.SessionFactoryImpl@799f1d98]
2023-12-25T13:52:57.522+05:30 TRACE 9112 --- [restartedMain] o.h.type.spi.TypeConfiguration$Scope     : Handling #sessionFactoryCreated from [org.hibernate.internal.SessionFactoryImpl@799f1d98] for TypeConfiguration
2023-12-25T13:52:57.522+05:30  INFO 9112 --- [restartedMain] j.LocalContainerEntityManagerFactoryBean : Initialized JPA EntityManagerFactory for persistence unit 'default'
2023-12-25T13:52:57.954+05:30  WARN 9112 --- [restartedMain] ocalVariableTableParameterNameDiscoverer : Using deprecated '-debug' fallback for parameter name resolution. Compile the affected code with '-parameters' instead or avoid its introspection: com.techlabs.insurance.repository.UserRepository
2023-12-25T13:52:58.363+05:30  WARN 9112 --- [restartedMain] ocalVariableTableParameterNameDiscoverer : Using deprecated '-debug' fallback for parameter name resolution. Compile the affected code with '-parameters' instead or avoid its introspection: com.techlabs.insurance.repository.AgentRepository
2023-12-25T13:52:58.416+05:30  WARN 9112 --- [restartedMain] ocalVariableTableParameterNameDiscoverer : Using deprecated '-debug' fallback for parameter name resolution. Compile the affected code with '-parameters' instead or avoid its introspection: com.techlabs.insurance.repository.InsurencePolicyRepository
2023-12-25T13:52:58.680+05:30  WARN 9112 --- [restartedMain] ocalVariableTableParameterNameDiscoverer : Using deprecated '-debug' fallback for parameter name resolution. Compile the affected code with '-parameters' instead or avoid its introspection: com.techlabs.insurance.repository.CustomerRepository
2023-12-25T13:52:58.753+05:30  WARN 9112 --- [restartedMain] ocalVariableTableParameterNameDiscoverer : Using deprecated '-debug' fallback for parameter name resolution. Compile the affected code with '-parameters' instead or avoid its introspection: com.techlabs.insurance.repository.ClaimRepository
2023-12-25T13:52:58.782+05:30  INFO 9112 --- [restartedMain] o.s.d.j.r.query.QueryEnhancerFactory     : Hibernate is in classpath; If applicable, HQL parser will be used.
2023-12-25T13:52:59.426+05:30  WARN 9112 --- [restartedMain] ocalVariableTableParameterNameDiscoverer : Using deprecated '-debug' fallback for parameter name resolution. Compile the affected code with '-parameters' instead or avoid its introspection: com.techlabs.insurance.repository.DocumentRepository
2023-12-25T13:52:59.545+05:30  WARN 9112 --- [restartedMain] ocalVariableTableParameterNameDiscoverer : Using deprecated '-debug' fallback for parameter name resolution. Compile the affected code with '-parameters' instead or avoid its introspection: com.techlabs.insurance.repository.InsurencePlanRepository
2023-12-25T13:52:59.597+05:30  WARN 9112 --- [restartedMain] ocalVariableTableParameterNameDiscoverer : Using deprecated '-debug' fallback for parameter name resolution. Compile the affected code with '-parameters' instead or avoid its introspection: com.techlabs.insurance.repository.InsurenceSchemeRepository
2023-12-25T13:52:59.663+05:30  WARN 9112 --- [restartedMain] ocalVariableTableParameterNameDiscoverer : Using deprecated '-debug' fallback for parameter name resolution. Compile the affected code with '-parameters' instead or avoid its introspection: com.techlabs.insurance.repository.PaymentRepository
2023-12-25T13:52:59.743+05:30  WARN 9112 --- [restartedMain] ocalVariableTableParameterNameDiscoverer : Using deprecated '-debug' fallback for parameter name resolution. Compile the affected code with '-parameters' instead or avoid its introspection: com.techlabs.insurance.repository.QueryRespository
2023-12-25T13:52:59.870+05:30  WARN 9112 --- [restartedMain] ocalVariableTableParameterNameDiscoverer : Using deprecated '-debug' fallback for parameter name resolution. Compile the affected code with '-parameters' instead or avoid its introspection: com.techlabs.insurance.repository.WithdrawRepository
2023-12-25T13:52:59.966+05:30  WARN 9112 --- [restartedMain] JpaBaseConfiguration$JpaWebConfiguration : spring.jpa.open-in-view is enabled by default. Therefore, database queries may be performed during view rendering. Explicitly configure spring.jpa.open-in-view to disable this warning
2023-12-25T13:53:00.530+05:30  INFO 9112 --- [restartedMain] o.s.s.web.DefaultSecurityFilterChain     : Will secure any request with [org.springframework.security.web.session.DisableEncodeUrlFilter@5d6d9e87, org.springframework.security.web.context.request.async.WebAsyncManagerIntegrationFilter@2056287b, org.springframework.security.web.context.SecurityContextHolderFilter@40219abc, org.springframework.security.web.header.HeaderWriterFilter@4cdb3a5a, org.springframework.security.web.authentication.logout.LogoutFilter@443aabeb, com.techlabs.insurance.security.JwtAuthenticationFilter@21068875, org.springframework.security.web.savedrequest.RequestCacheAwareFilter@1363865a, org.springframework.security.web.servletapi.SecurityContextHolderAwareRequestFilter@8fdb201, org.springframework.security.web.authentication.AnonymousAuthenticationFilter@dc2afa1, org.springframework.security.web.session.SessionManagementFilter@27b2e1e4, org.springframework.security.web.access.ExceptionTranslationFilter@522d48ab, org.springframework.security.web.access.intercept.AuthorizationFilter@249b3bba]
2023-12-25T13:53:00.989+05:30  INFO 9112 --- [restartedMain] o.s.b.d.a.OptionalLiveReloadServer       : LiveReload server is running on port 35729
2023-12-25T13:53:01.053+05:30  INFO 9112 --- [restartedMain] o.s.b.w.embedded.tomcat.TomcatWebServer  : Tomcat started on port(s): 8080 (http) with context path ''
2023-12-25T13:53:01.074+05:30  INFO 9112 --- [restartedMain] com.techlabs.insurance.Application11     : Started Application11 in 13.821 seconds (process running for 14.775)
2023-12-25T13:53:26.366+05:30  INFO 9112 --- [http-nio-8080-exec-1] o.a.c.c.C.[Tomcat].[localhost].[/]       : Initializing Spring DispatcherServlet 'dispatcherServlet'
2023-12-25T13:53:26.366+05:30  INFO 9112 --- [http-nio-8080-exec-1] o.s.web.servlet.DispatcherServlet        : Initializing Servlet 'dispatcherServlet'
2023-12-25T13:53:26.373+05:30  INFO 9112 --- [http-nio-8080-exec-1] o.s.web.servlet.DispatcherServlet        : Completed initialization in 6 ms
2023-12-25T13:53:26.663+05:30  INFO 9112 --- [http-nio-8080-exec-1] c.t.i.service.InsurancePlanServiceImpl   : getActiveInsurancePlans:Retrieved all active insurance plans successfully.
2023-12-25T13:53:43.314+05:30  INFO 9112 --- [http-nio-8080-exec-3] c.t.i.service.InsurancePlanServiceImpl   : getActiveInsurancePlans:Retrieved all active insurance plans successfully.
2023-12-25T13:53:55.706+05:30  WARN 9112 --- [http-nio-8080-exec-5] .m.m.a.ExceptionHandlerExceptionResolver : Resolved [AccountNotFoundException(message=Invalid username or password)]
